<?xml version="1.0" encoding="UTF-8"?>
<!-- Generated by org.testng.reporters.JUnitReportReporter -->
<testsuite hostname="DESKTOP-MG51026" failures="0" tests="1" name="suiteparameters.parametersclass12" time="2.806" errors="0" timestamp="2023-11-10T10:23:14 IST" skipped="0">
  <testcase classname="suiteparameters.parametersclass12" name="a2" time="2.806"/>
</testsuite> <!-- suiteparameters.parametersclass12 -->
