<?xml version="1.0" encoding="UTF-8"?>
<!-- Generated by org.testng.reporters.JUnitReportReporter -->
<testsuite hostname="DESKTOP-MG51026" failures="0" tests="3" name="testdatamarqqqq.Testtask3" time="23.796" errors="0" timestamp="2023-11-01T17:39:10 IST" skipped="0">
  <testcase classname="testdatamarqqqq.Testtask3" name="bookmyshow" time="6.691"/>
  <testcase classname="testdatamarqqqq.Testtask3" name="hondajoyclub" time="5.009"/>
  <testcase classname="testdatamarqqqq.Testtask3" name="ola" time="12.096"/>
</testsuite> <!-- testdatamarqqqq.Testtask3 -->
