<?xml version="1.0" encoding="UTF-8"?>
<!-- Generated by org.testng.reporters.JUnitReportReporter -->
<testsuite hostname="DESKTOP-MG51026" failures="0" tests="3" name="testdatamarqqqq.akhichintunew" time="14.312" errors="0" timestamp="2023-10-19T11:43:14 IST" skipped="0">
  <testcase classname="testdatamarqqqq.akhichintunew" name="my" time="7.795"/>
  <testcase classname="testdatamarqqqq.akhichintunew" name="fb" time="3.313"/>
  <testcase classname="testdatamarqqqq.akhichintunew" name="ab" time="3.204"/>
</testsuite> <!-- testdatamarqqqq.akhichintunew -->
