<?xml version="1.0" encoding="UTF-8"?>
<!-- Generated by org.testng.reporters.JUnitReportReporter -->
<testsuite hostname="DESKTOP-MG51026" failures="0" tests="2" name="suiteparameters.suitepara2" time="5.304" errors="0" timestamp="2023-11-08T13:13:58 IST" skipped="0">
  <testcase classname="suiteparameters.suitepara2" name="amzn" time="2.106"/>
  <testcase classname="suiteparameters.suitepara2" name="emp" time="3.198"/>
</testsuite> <!-- suiteparameters.suitepara2 -->
