<?xml version="1.0" encoding="UTF-8"?>
<!-- Generated by org.testng.reporters.JUnitReportReporter -->
<testsuite hostname="DESKTOP-MG51026" failures="0" tests="1" name="testdatamarqqqq.testsuite3" time="5.653" errors="0" timestamp="2023-10-19T12:30:07 IST" skipped="0">
  <testcase classname="testdatamarqqqq.testsuite3" name="hotstar" time="5.653"/>
</testsuite> <!-- testdatamarqqqq.testsuite3 -->
