<?xml version="1.0" encoding="UTF-8"?>
<!-- Generated by org.testng.reporters.JUnitReportReporter -->
<testsuite hostname="DESKTOP-MG51026" failures="0" tests="2" name="suiteparameters.suitepara1" time="7.016" errors="0" timestamp="2023-11-08T13:13:58 IST" skipped="0">
  <testcase classname="suiteparameters.suitepara1" name="fb" time="3.200"/>
  <testcase classname="suiteparameters.suitepara1" name="mynt" time="3.816"/>
</testsuite> <!-- suiteparameters.suitepara1 -->
