<?xml version="1.0" encoding="UTF-8"?>
<!-- Generated by org.testng.reporters.JUnitReportReporter -->
<testsuite hostname="DESKTOP-MG51026" failures="0" tests="1" name="testdatamarqqqq.testsuite2" time="4.734" errors="0" timestamp="2023-10-19T12:30:07 IST" skipped="0">
  <testcase classname="testdatamarqqqq.testsuite2" name="flip" time="4.734"/>
</testsuite> <!-- testdatamarqqqq.testsuite2 -->
