<?xml version="1.0" encoding="UTF-8"?>
<!-- Generated by org.testng.reporters.JUnitReportReporter -->
<testsuite hostname="DESKTOP-MG51026" failures="0" tests="3" name="testdatamarqqqq.Testtask1" time="17.634" errors="0" timestamp="2023-11-01T17:39:10 IST" skipped="0">
  <testcase classname="testdatamarqqqq.Testtask1" name="jiocinema" time="10.366"/>
  <testcase classname="testdatamarqqqq.Testtask1" name="aha" time="3.456"/>
  <testcase classname="testdatamarqqqq.Testtask1" name="spotify" time="3.812"/>
</testsuite> <!-- testdatamarqqqq.Testtask1 -->
