<?xml version="1.0" encoding="UTF-8"?>
<!-- Generated by org.testng.reporters.JUnitReportReporter -->
<testsuite hostname="DESKTOP-MG51026" failures="0" tests="3" name="testdatamarqqqq.Testtask2" time="16.001" errors="0" timestamp="2023-11-01T17:39:10 IST" skipped="0">
  <testcase classname="testdatamarqqqq.Testtask2" name="blabla" time="4.069"/>
  <testcase classname="testdatamarqqqq.Testtask2" name="shopsy" time="6.785"/>
  <testcase classname="testdatamarqqqq.Testtask2" name="slice" time="5.147"/>
</testsuite> <!-- testdatamarqqqq.Testtask2 -->
