<?xml version="1.0" encoding="UTF-8"?>
<!-- Generated by org.testng.reporters.JUnitReportReporter -->
<testsuite hostname="DESKTOP-MG51026" failures="0" tests="1" name="testdatamarqqqq.Annatotations" time="0.008" errors="0" timestamp="2023-10-19T12:07:07 IST" skipped="0">
  <testcase classname="testdatamarqqqq.Annatotations" name="ts" time="0.008"/>
</testsuite> <!-- testdatamarqqqq.Annatotations -->
