<?xml version="1.0" encoding="UTF-8"?>
<!-- Generated by org.testng.reporters.JUnitReportReporter -->
<testsuite hostname="DESKTOP-MG51026" failures="0" tests="2" name="suiteparameters.parameterssuite12" time="4.805" errors="0" timestamp="2023-11-10T10:23:14 IST" skipped="0">
  <testcase classname="suiteparameters.parameterssuite12" name="Q1" time="1.691"/>
  <testcase classname="suiteparameters.parameterssuite12" name="Q2" time="3.114"/>
</testsuite> <!-- suiteparameters.parameterssuite12 -->
