<?xml version="1.0" encoding="UTF-8"?>
<!-- Generated by org.testng.reporters.JUnitReportReporter -->
<testsuite hostname="DESKTOP-MG51026" failures="0" tests="2" name="testdatamarqqqq.tttttt" time="5.847" errors="0" timestamp="2023-10-18T17:49:00 IST" skipped="0">
  <testcase classname="testdatamarqqqq.tttttt" name="hrms" time="3.494"/>
  <testcase classname="testdatamarqqqq.tttttt" name="ab" time="2.353"/>
</testsuite> <!-- testdatamarqqqq.tttttt -->
