<?xml version="1.0" encoding="UTF-8"?>
<!-- Generated by org.testng.reporters.JUnitReportReporter -->
<testsuite hostname="DESKTOP-MG51026" failures="0" tests="1" name="testdatamarqqqq.fb111" time="4.079" errors="0" timestamp="2023-11-01T14:18:43 IST" skipped="0">
  <testcase classname="testdatamarqqqq.fb111" name="dis" time="4.079"/>
</testsuite> <!-- testdatamarqqqq.fb111 -->
